j:\programmming\isodata\isodata\debug\isodata.pch
j:\programmming\isodata\isodata\debug\stdafx.obj
j:\programmming\isodata\isodata\debug\vc100.pdb
j:\programmming\isodata\isodata\debug\isodata.obj
j:\programmming\isodata\debug\isodata.ilk
j:\programmming\isodata\debug\isodata.exe
j:\programmming\isodata\isodata\debug\isodata.exe.intermediate.manifest
j:\programmming\isodata\debug\isodata.pdb
j:\programmming\isodata\isodata\debug\isodata.exe.embed.manifest
j:\programmming\isodata\isodata\debug\isodata.exe.embed.manifest.res
e:\git_project\isodata_cluster\isodata\debug\isodata.vcxprojresolveassemblyreference.cache
e:\git_project\isodata_cluster\isodata\debug\isodata.obj
e:\git_project\isodata_cluster\isodata\debug\stdafx.obj
e:\git_project\isodata_cluster\isodata\debug\cl.command.1.tlog
e:\git_project\isodata_cluster\isodata\debug\cl.read.1.tlog
e:\git_project\isodata_cluster\isodata\debug\cl.write.1.tlog
e:\git_project\isodata_cluster\isodata\debug\isodata.write.1.tlog
e:\git_project\isodata_cluster\isodata\debug\link-cvtres.read.1.tlog
e:\git_project\isodata_cluster\isodata\debug\link-cvtres.write.1.tlog
e:\git_project\isodata_cluster\isodata\debug\link.20644-cvtres.read.1.tlog
e:\git_project\isodata_cluster\isodata\debug\link.20644-cvtres.write.1.tlog
e:\git_project\isodata_cluster\isodata\debug\link.20644.read.1.tlog
e:\git_project\isodata_cluster\isodata\debug\link.20644.write.1.tlog
e:\git_project\isodata_cluster\isodata\debug\link.command.1.tlog
e:\git_project\isodata_cluster\isodata\debug\link.read.1.tlog
e:\git_project\isodata_cluster\isodata\debug\link.write.1.tlog
e:\git_project\isodata_cluster\isodata\debug\mt.command.1.tlog
e:\git_project\isodata_cluster\isodata\debug\mt.read.1.tlog
e:\git_project\isodata_cluster\isodata\debug\mt.write.1.tlog
e:\git_project\isodata_cluster\isodata\debug\rc.command.1.tlog
e:\git_project\isodata_cluster\isodata\debug\rc.read.1.tlog
e:\git_project\isodata_cluster\isodata\debug\rc.write.1.tlog
e:\git_project\isodata_cluster\isodata\debug\isodata.exe.embed.manifest
e:\git_project\isodata_cluster\isodata\debug\isodata.exe.intermediate.manifest
e:\git_project\isodata_cluster\isodata\debug\isodata.exe.embed.manifest.res
e:\git_project\isodata_cluster\isodata\debug\isodata.pch
e:\git_project\isodata_cluster\isodata\debug\vc100.idb
e:\git_project\isodata_cluster\isodata\debug\vc100.pdb
e:\git_project\isodata_cluster\isodata\debug\isodata_manifest.rc
